<?xml version="1.0" encoding="UTF-8"?>
<testng-results skipped="0" failed="0" total="1" passed="1">
  <reporter-output>
  </reporter-output>
  <suite name="Default suite" duration-ms="4418" started-at="2018-05-05T10:26:19Z" finished-at="2018-05-05T10:26:24Z">
    <groups>
    </groups>
    <test name="Default test" duration-ms="4418" started-at="2018-05-05T10:26:19Z" finished-at="2018-05-05T10:26:24Z">
      <class name="com.selenium.BrowserTest">
        <test-method status="PASS" signature="beforeMethod()[pri:0, instance:com.selenium.BrowserTest@13deb50e]" name="beforeMethod" is-config="true" duration-ms="3632" started-at="2018-05-05T15:56:19Z" finished-at="2018-05-05T15:56:23Z">
          <reporter-output>
          </reporter-output>
        </test-method> <!-- beforeMethod -->
        <test-method status="PASS" signature="browserLaunch()[pri:0, instance:com.selenium.BrowserTest@13deb50e]" name="browserLaunch" duration-ms="201" started-at="2018-05-05T15:56:23Z" finished-at="2018-05-05T15:56:23Z">
          <reporter-output>
          </reporter-output>
        </test-method> <!-- browserLaunch -->
        <test-method status="PASS" signature="afterMethod()[pri:0, instance:com.selenium.BrowserTest@13deb50e]" name="afterMethod" is-config="true" duration-ms="560" started-at="2018-05-05T15:56:23Z" finished-at="2018-05-05T15:56:24Z">
          <reporter-output>
          </reporter-output>
        </test-method> <!-- afterMethod -->
      </class> <!-- com.selenium.BrowserTest -->
    </test> <!-- Default test -->
  </suite> <!-- Default suite -->
</testng-results>
